<?xml version="1.0" encoding="UTF-8"?>
<!-- Generated by org.testng.reporters.JUnitXMLReporter -->
<testsuite ignored="0" hostname="LAPTOP-J6DHMLEL" failures="0" tests="4" name="Test" time="0.047" errors="0" timestamp="2022-09-13T14:51:25 IST">
  <testcase classname="Scripts.Testcase1" name="tc1" time="0.007"/>
  <testcase classname="Scripts.Testcase4" name="tc1" time="0.001"/>
  <testcase classname="Scripts.Testcase2" name="tc1" time="0.001"/>
  <testcase classname="Scripts.Testcase3" name="tc1" time="0.001"/>
</testsuite> <!-- Test -->
