<?xml version="1.0" encoding="UTF-8"?>
<testng-results ignored="0" total="4" passed="4" failed="0" skipped="0">
  <reporter-output>
    <line>
      <![CDATA[hello java]]>
    </line>
    <line>
      <![CDATA[hello python selenium]]>
    </line>
    <line>
      <![CDATA[hello selenium]]>
    </line>
    <line>
      <![CDATA[hello python]]>
    </line>
  </reporter-output>
  <suite started-at="2022-09-12T17:17:31 IST" name="Suite" finished-at="2022-09-12T17:17:31 IST" duration-ms="51">
    <groups>
    </groups>
    <test started-at="2022-09-12T17:17:31 IST" name="Test" finished-at="2022-09-12T17:17:31 IST" duration-ms="51">
      <class name="Scripts.Testcase4">
        <test-method signature="tc1()[pri:0, instance:Scripts.Testcase4@1622f1b]" started-at="2022-09-12T17:17:31 IST" name="tc1" finished-at="2022-09-12T17:17:31 IST" duration-ms="2" status="PASS">
          <reporter-output>
            <line>
              <![CDATA[hello python selenium]]>
            </line>
          </reporter-output>
        </test-method> <!-- tc1 -->
      </class> <!-- Scripts.Testcase4 -->
      <class name="Scripts.Testcase1">
        <test-method signature="tc1()[pri:0, instance:Scripts.Testcase1@3c419631]" started-at="2022-09-12T17:17:31 IST" name="tc1" finished-at="2022-09-12T17:17:31 IST" duration-ms="13" status="PASS">
          <reporter-output>
            <line>
              <![CDATA[hello java]]>
            </line>
          </reporter-output>
        </test-method> <!-- tc1 -->
      </class> <!-- Scripts.Testcase1 -->
      <class name="Scripts.Testcase2">
        <test-method signature="tc1()[pri:0, instance:Scripts.Testcase2@72a7c7e0]" started-at="2022-09-12T17:17:31 IST" name="tc1" finished-at="2022-09-12T17:17:31 IST" duration-ms="0" status="PASS">
          <reporter-output>
            <line>
              <![CDATA[hello selenium]]>
            </line>
          </reporter-output>
        </test-method> <!-- tc1 -->
      </class> <!-- Scripts.Testcase2 -->
      <class name="Scripts.Testcase3">
        <test-method signature="tc1()[pri:0, instance:Scripts.Testcase3@2e4b8173]" started-at="2022-09-12T17:17:31 IST" name="tc1" finished-at="2022-09-12T17:17:31 IST" duration-ms="1" status="PASS">
          <reporter-output>
            <line>
              <![CDATA[hello python]]>
            </line>
          </reporter-output>
        </test-method> <!-- tc1 -->
      </class> <!-- Scripts.Testcase3 -->
    </test> <!-- Test -->
  </suite> <!-- Suite -->
</testng-results>
