<?xml version="1.0" encoding="UTF-8"?>
<testng-results ignored="0" total="4" passed="4" failed="0" skipped="0">
  <reporter-output>
    <line>
      <![CDATA[hello java]]>
    </line>
    <line>
      <![CDATA[hello python selenium]]>
    </line>
    <line>
      <![CDATA[hello selenium]]>
    </line>
    <line>
      <![CDATA[hello python]]>
    </line>
  </reporter-output>
  <suite started-at="2022-09-13T14:51:24 IST" name="Suite" finished-at="2022-09-13T14:51:25 IST" duration-ms="47">
    <groups>
    </groups>
    <test started-at="2022-09-13T14:51:24 IST" name="Test" finished-at="2022-09-13T14:51:25 IST" duration-ms="47">
      <class name="Scripts.Testcase4">
        <test-method signature="tc1()[pri:0, instance:Scripts.Testcase4@3c419631]" started-at="2022-09-13T14:51:25 IST" name="tc1" finished-at="2022-09-13T14:51:25 IST" duration-ms="1" status="PASS">
          <reporter-output>
            <line>
              <![CDATA[hello python selenium]]>
            </line>
          </reporter-output>
        </test-method> <!-- tc1 -->
      </class> <!-- Scripts.Testcase4 -->
      <class name="Scripts.Testcase1">
        <test-method signature="tc1()[pri:0, instance:Scripts.Testcase1@78b66d36]" started-at="2022-09-13T14:51:25 IST" name="tc1" finished-at="2022-09-13T14:51:25 IST" duration-ms="7" status="PASS">
          <reporter-output>
            <line>
              <![CDATA[hello java]]>
            </line>
          </reporter-output>
        </test-method> <!-- tc1 -->
      </class> <!-- Scripts.Testcase1 -->
      <class name="Scripts.Testcase2">
        <test-method signature="tc1()[pri:0, instance:Scripts.Testcase2@418e7838]" started-at="2022-09-13T14:51:25 IST" name="tc1" finished-at="2022-09-13T14:51:25 IST" duration-ms="1" status="PASS">
          <reporter-output>
            <line>
              <![CDATA[hello selenium]]>
            </line>
          </reporter-output>
        </test-method> <!-- tc1 -->
      </class> <!-- Scripts.Testcase2 -->
      <class name="Scripts.Testcase3">
        <test-method signature="tc1()[pri:0, instance:Scripts.Testcase3@61230f6a]" started-at="2022-09-13T14:51:25 IST" name="tc1" finished-at="2022-09-13T14:51:25 IST" duration-ms="1" status="PASS">
          <reporter-output>
            <line>
              <![CDATA[hello python]]>
            </line>
          </reporter-output>
        </test-method> <!-- tc1 -->
      </class> <!-- Scripts.Testcase3 -->
    </test> <!-- Test -->
  </suite> <!-- Suite -->
</testng-results>
